\BOOKMARK [1][-]{section.1}{\376\377\000C\000h\000a\000p\000t\000e\000r\000\040\0001\000:\000\040\145\160\143\156\136\223\174\373\176\337\133\374\213\272\000\040\000\050\000I\000n\000t\000r\000o\000d\000u\000c\000t\000i\000o\000n\000\040\000t\000o\000\040\000D\000a\000t\000a\000b\000a\000s\000e\000s\000\051}{}% 1
\BOOKMARK [2][-]{subsection.1.1}{\376\377\0001\000.\0001\000\040\145\160\143\156\136\223\174\373\176\337\166\204\147\054\215\050}{section.1}% 2
\BOOKMARK [2][-]{subsection.1.2}{\376\377\0001\000.\0002\000\040\121\163\174\373\152\041\127\213\000\040\000\050\000R\000e\000l\000a\000t\000i\000o\000n\000a\000l\000\040\000M\000o\000d\000e\000l\000\051}{section.1}% 3
\BOOKMARK [2][-]{subsection.1.3}{\376\377\0001\000.\0003\000\040\225\056\000\040\000\050\000K\000e\000y\000s\000\051}{section.1}% 4
\BOOKMARK [2][-]{subsection.1.4}{\376\377\0001\000.\0004\000\040\203\003\137\017\000\040\000\050\000N\000o\000r\000m\000a\000l\000i\000z\000a\000t\000i\000o\000n\000\051}{section.1}% 5
\BOOKMARK [1][-]{section.2}{\376\377\000C\000h\000a\000p\000t\000e\000r\000\040\0002\000:\000\040\000S\000Q\000L\000\040\127\372\170\100\000\040\000\050\000I\000n\000t\000r\000o\000d\000u\000c\000t\000i\000o\000n\000\040\000t\000o\000\040\000S\000Q\000L\000\051}{}% 6
\BOOKMARK [2][-]{subsection.2.1}{\376\377\0002\000.\0001\000\040\000S\000Q\000L\000\040\213\355\212\000\151\202\211\310}{section.2}% 7
\BOOKMARK [2][-]{subsection.2.2}{\376\377\0002\000.\0002\000\040\122\033\136\372\210\150\000\040\000\050\000C\000R\000E\000A\000T\000E\000\040\000T\000A\000B\000L\000E\000\051}{section.2}% 8
\BOOKMARK [2][-]{subsection.2.3}{\376\377\0002\000.\0003\000\040\176\246\147\137\000\040\000\050\000C\000o\000n\000s\000t\000r\000a\000i\000n\000t\000s\000\051}{section.2}% 9
\BOOKMARK [2][-]{subsection.2.4}{\376\377\0002\000.\0004\000\040\143\322\121\145\145\160\143\156\000\040\000\050\000I\000N\000S\000E\000R\000T\000\051}{section.2}% 10
\BOOKMARK [1][-]{section.3}{\376\377\000C\000h\000a\000p\000t\000e\000r\000\040\0003\000:\000\040\123\125\210\150\147\345\213\342\000\040\000\050\000R\000e\000t\000r\000i\000e\000v\000i\000n\000g\000\040\000D\000a\000t\000a\000\040\000f\000r\000o\000m\000\040\000O\000n\000e\000\040\000T\000a\000b\000l\000e\000\051}{}% 11
\BOOKMARK [2][-]{subsection.3.1}{\376\377\0003\000.\0001\000\040\000S\000E\000L\000E\000C\000T\000\040\127\372\170\100}{section.3}% 12
\BOOKMARK [2][-]{subsection.3.2}{\376\377\0003\000.\0002\000\040\217\307\156\344\116\016\217\320\173\227\173\046\000\040\000\050\000W\000H\000E\000R\000E\000\040\000C\000l\000a\000u\000s\000e\000\051}{section.3}% 13
\BOOKMARK [2][-]{subsection.3.3}{\376\377\0003\000.\0003\000\040\000N\000U\000L\000L\000\040\166\204\226\167\226\061}{section.3}% 14
\BOOKMARK [2][-]{subsection.3.4}{\376\377\0003\000.\0004\000\040\121\375\145\160\116\016\217\154\143\142}{section.3}% 15
\BOOKMARK [2][-]{subsection.3.5}{\376\377\0003\000.\0005\000\040\000C\000A\000S\000E\000\040\210\150\217\276\137\017}{section.3}% 16
\BOOKMARK [1][-]{section.4}{\376\377\000C\000h\000a\000p\000t\000e\000r\000\040\0004\000:\000\040\200\132\124\010\116\016\217\336\143\245\000\040\000\050\000A\000g\000g\000r\000e\000g\000a\000t\000i\000o\000n\000\040\000a\000n\000d\000\040\000J\000o\000i\000n\000s\000\051}{}% 17
\BOOKMARK [2][-]{subsection.4.1}{\376\377\0004\000.\0001\000\040\123\273\221\315\000\040\000\050\000D\000I\000S\000T\000I\000N\000C\000T\000\051}{section.4}% 18
\BOOKMARK [2][-]{subsection.4.2}{\376\377\0004\000.\0002\000\040\200\132\124\010\121\375\145\160\000\040\000\050\000A\000g\000g\000r\000e\000g\000a\000t\000e\000\040\000F\000u\000n\000c\000t\000i\000o\000n\000s\000\051}{section.4}% 19
\BOOKMARK [2][-]{subsection.4.3}{\376\377\0004\000.\0003\000\040\217\336\143\245\000\040\000\050\000J\000o\000i\000n\000s\000\051}{section.4}% 20
\BOOKMARK [1][-]{section.5}{\376\377\000C\000h\000a\000p\000t\000e\000r\000\040\0005\000:\000\040\232\330\176\247\217\336\143\245\116\016\133\120\147\345\213\342\000\040\000\050\000A\000d\000v\000a\000n\000c\000e\000d\000\040\000J\000o\000i\000n\000s\000\040\000a\000n\000d\000\040\000S\000u\000b\000q\000u\000e\000r\000i\000e\000s\000\051}{}% 21
\BOOKMARK [2][-]{subsection.5.1}{\376\377\0005\000.\0001\000\040\131\026\217\336\143\245\000\040\000\050\000O\000u\000t\000e\000r\000\040\000J\000o\000i\000n\000s\000\051}{section.5}% 22
\BOOKMARK [2][-]{subsection.5.2}{\376\377\0005\000.\0002\000\040\226\306\124\010\144\315\117\134\000\040\000\050\000S\000e\000t\000\040\000O\000p\000e\000r\000a\000t\000o\000r\000s\000\051}{section.5}% 23
\BOOKMARK [2][-]{subsection.5.3}{\376\377\0005\000.\0003\000\040\133\120\147\345\213\342\000\040\000\050\000S\000u\000b\000q\000u\000e\000r\000i\000e\000s\000\051}{section.5}% 24
\BOOKMARK [1][-]{section.6}{\376\377\000C\000h\000a\000p\000t\000e\000r\000\040\0006\000:\000\040\143\222\136\217\116\016\172\227\123\343\121\375\145\160\000\040\000\050\000O\000r\000d\000e\000r\000i\000n\000g\000\040\000a\000n\000d\000\040\000W\000i\000n\000d\000o\000w\000\040\000F\000u\000n\000c\000t\000i\000o\000n\000s\000\051}{}% 25
\BOOKMARK [2][-]{subsection.6.1}{\376\377\0006\000.\0001\000\040\143\222\136\217\000\040\000\050\000O\000R\000D\000E\000R\000\040\000B\000Y\000\051}{section.6}% 26
\BOOKMARK [2][-]{subsection.6.2}{\376\377\0006\000.\0002\000\040\172\227\123\343\121\375\145\160\000\040\000\050\000W\000i\000n\000d\000o\000w\000\040\000F\000u\000n\000c\000t\000i\000o\000n\000s\000\051}{section.6}% 27
\BOOKMARK [1][-]{section.7}{\376\377\000C\000h\000a\000p\000t\000e\000r\000\040\0007\000:\000\040\152\041\174\312\144\034\175\042\116\016\116\213\122\241\000\040\000\050\000F\000u\000z\000z\000y\000\040\000S\000e\000a\000r\000c\000h\000\040\000a\000n\000d\000\040\000T\000r\000a\000n\000s\000a\000c\000t\000i\000o\000n\000s\000\051}{}% 28
\BOOKMARK [2][-]{subsection.7.1}{\376\377\0007\000.\0001\000\040\152\041\174\312\144\034\175\042}{section.7}% 29
\BOOKMARK [2][-]{subsection.7.2}{\376\377\0007\000.\0002\000\040\116\213\122\241\000\040\000\050\000T\000r\000a\000n\000s\000a\000c\000t\000i\000o\000n\000s\000\051}{section.7}% 30
\BOOKMARK [2][-]{subsection.7.3}{\376\377\0007\000.\0003\000\040\145\160\143\156\122\240\217\175\000\040\000\050\000B\000u\000l\000k\000\040\000L\000o\000a\000d\000i\000n\000g\000\051}{section.7}% 31
\BOOKMARK [1][-]{section.8}{\376\377\000C\000h\000a\000p\000t\000e\000r\000\040\0008\000:\000\040\145\160\143\156\117\356\145\071\116\016\121\375\145\160\000\040\000\050\000U\000p\000d\000a\000t\000e\000,\000\040\000D\000e\000l\000e\000t\000e\000,\000\040\000F\000u\000n\000c\000t\000i\000o\000n\000s\000\051}{}% 32
\BOOKMARK [2][-]{subsection.8.1}{\376\377\0008\000.\0001\000\040\000U\000P\000D\000A\000T\000E\000\040\116\016\000\040\000D\000E\000L\000E\000T\000E}{section.8}% 33
\BOOKMARK [2][-]{subsection.8.2}{\376\377\0008\000.\0002\000\040\133\130\120\250\121\375\145\160\116\016\217\307\172\013\000\040\000\050\000F\000u\000n\000c\000t\000i\000o\000n\000s\000\040\000\046\000\040\000P\000r\000o\000c\000e\000d\000u\000r\000e\000s\000\051}{section.8}% 34
\BOOKMARK [1][-]{section.9}{\376\377\000C\000h\000a\000p\000t\000e\000r\000\040\0009\000:\000\040\217\307\172\013\116\016\211\346\123\321\126\150\000\040\000\050\000P\000r\000o\000c\000e\000d\000u\000r\000e\000s\000\040\000a\000n\000d\000\040\000T\000r\000i\000g\000g\000e\000r\000s\000\051}{}% 35
\BOOKMARK [2][-]{subsection.9.1}{\376\377\0009\000.\0001\000\040\133\130\120\250\217\307\172\013\117\030\122\277}{section.9}% 36
\BOOKMARK [2][-]{subsection.9.2}{\376\377\0009\000.\0002\000\040\211\346\123\321\126\150\000\040\000\050\000T\000r\000i\000g\000g\000e\000r\000s\000\051}{section.9}% 37
\BOOKMARK [1][-]{section.10}{\376\377\000C\000h\000a\000p\000t\000e\000r\000\040\0001\0000\000:\000\040\133\130\120\250\116\016\140\047\200\375\000\040\000\050\000S\000t\000o\000r\000a\000g\000e\000\040\000a\000n\000d\000\040\000P\000e\000r\000f\000o\000r\000m\000a\000n\000c\000e\000\051}{}% 38
\BOOKMARK [2][-]{subsection.10.1}{\376\377\0001\0000\000.\0001\000\040\162\151\164\006\133\130\120\250\176\323\147\204}{section.10}% 39
\BOOKMARK [2][-]{subsection.10.2}{\376\377\0001\0000\000.\0002\000\040\175\042\137\025\000\040\000\050\000I\000n\000d\000e\000x\000i\000n\000g\000\051}{section.10}% 40
\BOOKMARK [2][-]{subsection.10.3}{\376\377\0001\0000\000.\0003\000\040\142\147\210\114\213\241\122\022\000\040\000\050\000E\000x\000e\000c\000u\000t\000i\000o\000n\000\040\000P\000l\000a\000n\000\051}{section.10}% 41
